Determining if the pthread_create exist failed with the following output:
Change Dir: /home/youbot/catkin_ws/build_isolated/cartographer/install/CMakeFiles/CMakeTmp

Run Build Command:/usr/bin/ninja cmTryCompileExec977687332
[1/2] Building C object CMakeFiles/cmTryCompileExec977687332.dir/CheckSymbolExists.c.o
[2/2] Linking C executable cmTryCompileExec977687332
FAILED: : && /usr/bin/cc     CMakeFiles/cmTryCompileExec977687332.dir/CheckSymbolExists.c.o  -o cmTryCompileExec977687332  -rdynamic && :
CMakeFiles/cmTryCompileExec977687332.dir/CheckSymbolExists.c.o: In function `main':
CheckSymbolExists.c:(.text+0x16): undefined reference to `pthread_create'
collect2: error: ld returned 1 exit status
ninja: build stopped: subcommand failed.

File /home/youbot/catkin_ws/build_isolated/cartographer/install/CMakeFiles/CMakeTmp/CheckSymbolExists.c:
/* */
#include <pthread.h>

int main(int argc, char** argv)
{
  (void)argv;
#ifndef pthread_create
  return ((int*)(&pthread_create))[argc];
#else
  (void)argc;
  return 0;
#endif
}

Determining if the function pthread_create exists in the pthreads failed with the following output:
Change Dir: /home/youbot/catkin_ws/build_isolated/cartographer/install/CMakeFiles/CMakeTmp

Run Build Command:/usr/bin/ninja cmTryCompileExec2302420685
[1/2] Building C object CMakeFiles/cmTryCompileExec2302420685.dir/CheckFunctionExists.c.o
[2/2] Linking C executable cmTryCompileExec2302420685
FAILED: : && /usr/bin/cc  -DCHECK_FUNCTION_EXISTS=pthread_create   CMakeFiles/cmTryCompileExec2302420685.dir/CheckFunctionExists.c.o  -o cmTryCompileExec2302420685  -rdynamic -lpthreads && :
/usr/bin/ld: cannot find -lpthreads
collect2: error: ld returned 1 exit status
ninja: build stopped: subcommand failed.


