Determining if the pthread_create exist failed with the following output:
Change Dir: /home/youbot/catkin_ws/build_isolated/cartographer_rviz/CMakeFiles/CMakeTmp

Run Build Command:/usr/bin/ninja cmTryCompileExec1907850348
[1/2] Building C object CMakeFiles/cmTryCompileExec1907850348.dir/CheckSymbolExists.c.o
[2/2] Linking C executable cmTryCompileExec1907850348
FAILED: : && /usr/bin/cc     CMakeFiles/cmTryCompileExec1907850348.dir/CheckSymbolExists.c.o  -o cmTryCompileExec1907850348  -rdynamic && :
CMakeFiles/cmTryCompileExec1907850348.dir/CheckSymbolExists.c.o: In function `main':
CheckSymbolExists.c:(.text+0x16): undefined reference to `pthread_create'
collect2: error: ld returned 1 exit status
ninja: build stopped: subcommand failed.

File /home/youbot/catkin_ws/build_isolated/cartographer_rviz/CMakeFiles/CMakeTmp/CheckSymbolExists.c:
/* */
#include <pthread.h>

int main(int argc, char** argv)
{
  (void)argv;
#ifndef pthread_create
  return ((int*)(&pthread_create))[argc];
#else
  (void)argc;
  return 0;
#endif
}

Determining if the function pthread_create exists in the pthreads failed with the following output:
Change Dir: /home/youbot/catkin_ws/build_isolated/cartographer_rviz/CMakeFiles/CMakeTmp

Run Build Command:/usr/bin/ninja cmTryCompileExec2436317278
[1/2] Building C object CMakeFiles/cmTryCompileExec2436317278.dir/CheckFunctionExists.c.o
[2/2] Linking C executable cmTryCompileExec2436317278
FAILED: : && /usr/bin/cc  -DCHECK_FUNCTION_EXISTS=pthread_create   CMakeFiles/cmTryCompileExec2436317278.dir/CheckFunctionExists.c.o  -o cmTryCompileExec2436317278  -rdynamic -lpthreads && :
/usr/bin/ld: cannot find -lpthreads
collect2: error: ld returned 1 exit status
ninja: build stopped: subcommand failed.


Determining if the Q_WS_WIN exist failed with the following output:
Change Dir: /home/youbot/catkin_ws/build_isolated/cartographer_rviz/CMakeFiles/CMakeTmp

Run Build Command:/usr/bin/ninja cmTryCompileExec818874254
[1/2] Building CXX object CMakeFiles/cmTryCompileExec818874254.dir/CheckSymbolExists.cxx.o
FAILED: /usr/bin/c++    -I/usr/include/qt4 -o CMakeFiles/cmTryCompileExec818874254.dir/CheckSymbolExists.cxx.o -c CheckSymbolExists.cxx
CheckSymbolExists.cxx: In function ‘int main(int, char**)’:
CheckSymbolExists.cxx:8:19: error: ‘Q_WS_WIN’ was not declared in this scope
   return ((int*)(&Q_WS_WIN))[argc];
                   ^
ninja: build stopped: subcommand failed.

File /home/youbot/catkin_ws/build_isolated/cartographer_rviz/CMakeFiles/CMakeTmp/CheckSymbolExists.cxx:
/* */
#include <QtCore/qglobal.h>

int main(int argc, char** argv)
{
  (void)argv;
#ifndef Q_WS_WIN
  return ((int*)(&Q_WS_WIN))[argc];
#else
  (void)argc;
  return 0;
#endif
}

Determining if the Q_WS_QWS exist failed with the following output:
Change Dir: /home/youbot/catkin_ws/build_isolated/cartographer_rviz/CMakeFiles/CMakeTmp

Run Build Command:/usr/bin/ninja cmTryCompileExec1422350446
[1/2] Building CXX object CMakeFiles/cmTryCompileExec1422350446.dir/CheckSymbolExists.cxx.o
FAILED: /usr/bin/c++    -I/usr/include/qt4 -o CMakeFiles/cmTryCompileExec1422350446.dir/CheckSymbolExists.cxx.o -c CheckSymbolExists.cxx
CheckSymbolExists.cxx: In function ‘int main(int, char**)’:
CheckSymbolExists.cxx:8:19: error: ‘Q_WS_QWS’ was not declared in this scope
   return ((int*)(&Q_WS_QWS))[argc];
                   ^
ninja: build stopped: subcommand failed.

File /home/youbot/catkin_ws/build_isolated/cartographer_rviz/CMakeFiles/CMakeTmp/CheckSymbolExists.cxx:
/* */
#include <QtCore/qglobal.h>

int main(int argc, char** argv)
{
  (void)argv;
#ifndef Q_WS_QWS
  return ((int*)(&Q_WS_QWS))[argc];
#else
  (void)argc;
  return 0;
#endif
}

Determining if the Q_WS_MAC exist failed with the following output:
Change Dir: /home/youbot/catkin_ws/build_isolated/cartographer_rviz/CMakeFiles/CMakeTmp

Run Build Command:/usr/bin/ninja cmTryCompileExec623796279
[1/2] Building CXX object CMakeFiles/cmTryCompileExec623796279.dir/CheckSymbolExists.cxx.o
FAILED: /usr/bin/c++    -I/usr/include/qt4 -o CMakeFiles/cmTryCompileExec623796279.dir/CheckSymbolExists.cxx.o -c CheckSymbolExists.cxx
CheckSymbolExists.cxx: In function ‘int main(int, char**)’:
CheckSymbolExists.cxx:8:19: error: ‘Q_WS_MAC’ was not declared in this scope
   return ((int*)(&Q_WS_MAC))[argc];
                   ^
ninja: build stopped: subcommand failed.

File /home/youbot/catkin_ws/build_isolated/cartographer_rviz/CMakeFiles/CMakeTmp/CheckSymbolExists.cxx:
/* */
#include <QtCore/qglobal.h>

int main(int argc, char** argv)
{
  (void)argv;
#ifndef Q_WS_MAC
  return ((int*)(&Q_WS_MAC))[argc];
#else
  (void)argc;
  return 0;
#endif
}

